\BOOKMARK [0][-]{chapter*.1}{\376\377\136\217\212\000}{}% 1
\BOOKMARK [0][-]{chapter.1}{\376\377\227\131\165\065\127\072}{}% 2
\BOOKMARK [1][-]{section.1.1}{\376\377\136\223\116\321\133\232\137\213}{chapter.1}% 3
\BOOKMARK [1][-]{section.1.2}{\376\377\165\065\127\072\137\072\136\246\116\016\232\330\145\257\133\232\137\213}{chapter.1}% 4
\BOOKMARK [1][-]{section.1.3}{\376\377\165\065\122\277\116\016\165\065\122\277\166\204\150\257\136\246}{chapter.1}% 5
\BOOKMARK [1][-]{section.1.4}{\376\377\227\131\165\065\127\072\116\055\166\204\133\374\117\123\124\214\165\065\133\271}{chapter.1}% 6
\BOOKMARK [1][-]{section.1.5}{\376\377\227\131\165\065\200\375}{chapter.1}% 7
\BOOKMARK [1][-]{section.1.6}{\376\377\165\065\116\313\215\050}{chapter.1}% 8
\BOOKMARK [1][-]{section.1.7}{\376\377\173\054\116\000\172\340\210\145\121\105\117\213\230\230}{chapter.1}% 9
\BOOKMARK [0][-]{chapter.2}{\376\377\170\301\127\072}{}% 10
\BOOKMARK [1][-]{section.2.1}{\376\377\133\211\127\371\133\232\137\213}{chapter.2}% 11
\BOOKMARK [1][-]{section.2.2}{\376\377\170\301\141\037\136\224\137\072\136\246\000\040\153\325\131\145\000-\204\050\117\020\134\024\133\232\137\213}{chapter.2}% 12
\BOOKMARK [1][-]{section.2.3}{\376\377\133\211\127\371\163\257\215\357\133\232\164\006}{chapter.2}% 13
\BOOKMARK [1][-]{section.2.4}{\376\377\170\301\127\072\166\204\232\330\145\257\133\232\164\006}{chapter.2}% 14
\BOOKMARK [1][-]{section.2.5}{\376\377\136\046\165\065\174\222\133\120\127\050\170\301\127\072\116\055\166\204\217\320\122\250}{chapter.2}% 15
\BOOKMARK [0][-]{chapter.3}{\376\377\170\301\116\313\215\050}{}% 16
\BOOKMARK [1][-]{section.3.1}{\376\377\170\301\123\026\137\072\136\246\124\214\170\301\123\026\165\065\155\101}{chapter.3}% 17
\BOOKMARK [1][-]{section.3.2}{\376\377\170\301\116\313\215\050\116\055\166\204\170\301\127\072\127\372\147\054\133\232\164\006}{chapter.3}% 18
\BOOKMARK [1][-]{section.3.3}{\376\377\170\301\116\313\215\050\166\204\170\301\123\026\211\304\137\213\124\214\147\072\164\006}{chapter.3}% 19
\BOOKMARK [0][-]{chapter.4}{\376\377\165\065\170\301\141\037\136\224}{}% 20
\BOOKMARK [1][-]{section.4.1}{\376\377\165\065\170\301\141\037\136\224\133\232\137\213}{chapter.4}% 21
\BOOKMARK [1][-]{section.4.2}{\376\377\122\250\165\037\165\065\122\250\122\277\124\214\141\037\165\037\165\065\122\250\122\277}{chapter.4}% 22
\BOOKMARK [1][-]{section.4.3}{\376\377\201\352\141\037\116\016\116\222\141\037}{chapter.4}% 23
\BOOKMARK [1][-]{section.4.4}{\376\377\146\202\140\001\217\307\172\013\000\040\170\301\127\072\200\375\221\317}{chapter.4}% 24
\BOOKMARK [0][-]{chapter.5}{\376\377\000M\000a\000x\000w\000e\000l\000l\165\065\170\301\164\006\213\272}{}% 25
\BOOKMARK [1][-]{section.5.1}{\376\377\000M\000a\000x\000w\000e\000l\000l\165\065\170\301\164\006\213\272\166\204\136\372\172\313}{chapter.5}% 26
\BOOKMARK [1][-]{section.5.2}{\376\377\165\065\170\301\154\342}{chapter.5}% 27
\BOOKMARK [1][-]{section.5.3}{\376\377\165\065\170\301\127\072\166\204\200\375\221\317}{chapter.5}% 28
\BOOKMARK [1][-]{section.5.4}{\376\377\165\065\170\301\127\072\166\204\166\370\133\371\213\272\123\330\143\142}{chapter.5}% 29
